-------------------------------------------------------------------------------
Test set: HW14Test
-------------------------------------------------------------------------------
Tests run: 4, Failures: 1, Errors: 0, Skipped: 0, Time elapsed: 0.922 sec <<< FAILURE!
test(HW14Test)  Time elapsed: 0 sec  <<< FAILURE!
java.lang.AssertionError: Pizda! expected [teevirp] but found [tevirp]
	at org.testng.Assert.fail(Assert.java:99)
	at org.testng.Assert.failNotEquals(Assert.java:1037)
	at org.testng.Assert.assertEqualsImpl(Assert.java:140)
	at org.testng.Assert.assertEquals(Assert.java:122)
	at org.testng.Assert.assertEquals(Assert.java:629)
	at HW14Test.test(HW14Test.java:8)

